

> @reeva/db@1.0.0 build /Users/abdulabbas/Library/Mobile Documents/com~apple~CloudDocs/ReevaCar/car-detailing/packages/db
> tsc

[96m../../.next/types/app/api/auth/[...nextauth]/route.ts[0m:[93m12[0m:[93m13[0m - [91merror[0m[90m TS2344: [0mType 'OmitWithTag<typeof import("/Users/abdulabbas/Library/Mobile Documents/com~apple~CloudDocs/ReevaCar/car-detailing/app/api/auth/[...nextauth]/route"), "runtime" | "POST" | "DELETE" | ... 12 more ... | "OPTIONS", "">' does not satisfy the constraint '{ [x: string]: never; }'.
  Property 'authOptions' is incompatible with index signature.
    Type 'AuthOptions' is not assignable to type 'never'.

[7m 12[0m checkFields<Diff<{
[7m   [0m [91m            ~~~~~~[0m
[7m 13[0m   GET?: Function
[7m   [0m [91m~~~~~~~~~~~~~~~~[0m
[7m...[0m 
[7m 29[0m 
[7m   [0m [91m[0m
[7m 30[0m }, TEntry, ''>>()
[7m   [0m [91m~~~~~~~~~~~~~~[0m

[96m../../.next/types/app/detailers/[id]/page.ts[0m:[93m34[0m:[93m29[0m - [91merror[0m[90m TS2344: [0mType '{ params: { id: string; }; }' does not satisfy the constraint 'PageProps'.
  Types of property 'params' are incompatible.
    Type '{ id: string; }' is missing the following properties from type 'Promise<any>': then, catch, finally, [Symbol.toStringTag]

[7m34[0m checkFields<Diff<PageProps, FirstArg<TEntry['default']>, 'default'>>()
[7m  [0m [91m                            ~~~~~~~~~~~~~~~~~~~~~~~~~~~[0m

[96m../../app/admin/add-detailer/page.tsx[0m:[93m111[0m:[93m26[0m - [91merror[0m[90m TS2345: [0mArgument of type 'string[]' is not assignable to parameter of type '{ service: { id: string; name: string; category?: string | undefined; }; }[]'.
  Type 'string' is not assignable to type '{ service: { id: string; name: string; category?: string | undefined; }; }'.

[7m111[0m     setValue('services', newServices);
[7m   [0m [91m                         ~~~~~~~~~~~[0m

[96m../../app/api/categories/route.ts[0m:[93m19[0m:[93m63[0m - [91merror[0m[90m TS2322: [0mType '{ name: string; }' is not assignable to type 'CategoryWhereUniqueInput'.
  Type '{ name: string; }' is not assignable to type '{ id: string; } & { id?: string | undefined; AND?: CategoryWhereInput | CategoryWhereInput[] | undefined; OR?: CategoryWhereInput[] | undefined; ... 4 more ...; services?: ServiceListRelationFilter | undefined; }'.
    Property 'id' is missing in type '{ name: string; }' but required in type '{ id: string; }'.

[7m19[0m     const existing = await prismaClient.category.findUnique({ where: { name } });
[7m  [0m [91m                                                              ~~~~~[0m

  [96m../../node_modules/.prisma/client/index.d.ts[0m:[93m24112[0m:[93m5[0m
    [7m24112[0m     id?: string
    [7m     [0m [96m    ~~[0m
    'id' is declared here.
  [96m../../node_modules/.prisma/client/index.d.ts[0m:[93m6985[0m:[93m5[0m
    [7m6985[0m     where: CategoryWhereUniqueInput
    [7m    [0m [96m    ~~~~~[0m
    The expected type comes from property 'where' which is declared here on type '{ select?: CategorySelect<DefaultArgs> | null | undefined; omit?: CategoryOmit<DefaultArgs> | null | undefined; include?: CategoryInclude<...> | ... 1 more ... | undefined; where: CategoryWhereUniqueInput; }'

[96m../../app/api/create-checkout-session/route.ts[0m:[93m4[0m:[93m61[0m - [91merror[0m[90m TS2322: [0mType '"2023-08-16"' is not assignable to type '"2025-02-24.acacia"'.

[7m4[0m const stripe = new Stripe(process.env.STRIPE_SECRET_KEY!, { apiVersion: '2023-08-16' });
[7m [0m [91m                                                            ~~~~~~~~~~[0m

[96m../../app/api/detailers/route.ts[0m:[93m130[0m:[93m55[0m - [91merror[0m[90m TS2322: [0mType '{ name: string; }' is not assignable to type 'ServiceWhereUniqueInput'.
  Type '{ name: string; }' is not assignable to type '{ id: string; } & { id?: string | undefined; AND?: ServiceWhereInput | ServiceWhereInput[] | undefined; OR?: ServiceWhereInput[] | undefined; ... 9 more ...; detailers?: DetailerServiceListRelationFilter | undefined; }'.
    Property 'id' is missing in type '{ name: string; }' but required in type '{ id: string; }'.

[7m130[0m       let service = await prisma.service.findUnique({ where: { name } });
[7m   [0m [91m                                                      ~~~~~[0m

  [96m../../node_modules/.prisma/client/index.d.ts[0m:[93m24172[0m:[93m5[0m
    [7m24172[0m     id?: string
    [7m     [0m [96m    ~~[0m
    'id' is declared here.
  [96m../../node_modules/.prisma/client/index.d.ts[0m:[93m8020[0m:[93m5[0m
    [7m8020[0m     where: ServiceWhereUniqueInput
    [7m    [0m [96m    ~~~~~[0m
    The expected type comes from property 'where' which is declared here on type '{ select?: ServiceSelect<DefaultArgs> | null | undefined; omit?: ServiceOmit<DefaultArgs> | null | undefined; include?: ServiceInclude<...> | ... 1 more ... | undefined; where: ServiceWhereUniqueInput; }'

[96m../../app/api/detailers/route.ts[0m:[93m139[0m:[93m59[0m - [91merror[0m[90m TS2322: [0mType '{ name: string; }' is not assignable to type 'CategoryWhereUniqueInput'.
  Type '{ name: string; }' is not assignable to type '{ id: string; } & { id?: string | undefined; AND?: CategoryWhereInput | CategoryWhereInput[] | undefined; OR?: CategoryWhereInput[] | undefined; ... 4 more ...; services?: ServiceListRelationFilter | undefined; }'.
    Property 'id' is missing in type '{ name: string; }' but required in type '{ id: string; }'.

[7m139[0m         let category = await prisma.category.findUnique({ where: { name: categoryName } });
[7m   [0m [91m                                                          ~~~~~[0m

  [96m../../node_modules/.prisma/client/index.d.ts[0m:[93m24112[0m:[93m5[0m
    [7m24112[0m     id?: string
    [7m     [0m [96m    ~~[0m
    'id' is declared here.
  [96m../../node_modules/.prisma/client/index.d.ts[0m:[93m6985[0m:[93m5[0m
    [7m6985[0m     where: CategoryWhereUniqueInput
    [7m    [0m [96m    ~~~~~[0m
    The expected type comes from property 'where' which is declared here on type '{ select?: CategorySelect<DefaultArgs> | null | undefined; omit?: CategoryOmit<DefaultArgs> | null | undefined; include?: CategoryInclude<...> | ... 1 more ... | undefined; where: CategoryWhereUniqueInput; }'

[96m../../app/api/services/route.ts[0m:[93m31[0m:[93m56[0m - [91merror[0m[90m TS2322: [0mType '{ name: string; }' is not assignable to type 'ServiceWhereUniqueInput'.
  Type '{ name: string; }' is not assignable to type '{ id: string; } & { id?: string | undefined; AND?: ServiceWhereInput | ServiceWhereInput[] | undefined; OR?: ServiceWhereInput[] | undefined; ... 9 more ...; detailers?: DetailerServiceListRelationFilter | undefined; }'.
    Property 'id' is missing in type '{ name: string; }' but required in type '{ id: string; }'.

[7m31[0m     const existing = await prisma.service.findUnique({ where: { name } });
[7m  [0m [91m                                                       ~~~~~[0m

  [96m../../node_modules/.prisma/client/index.d.ts[0m:[93m24172[0m:[93m5[0m
    [7m24172[0m     id?: string
    [7m     [0m [96m    ~~[0m
    'id' is declared here.
  [96m../../node_modules/.prisma/client/index.d.ts[0m:[93m8020[0m:[93m5[0m
    [7m8020[0m     where: ServiceWhereUniqueInput
    [7m    [0m [96m    ~~~~~[0m
    The expected type comes from property 'where' which is declared here on type '{ select?: ServiceSelect<DefaultArgs> | null | undefined; omit?: ServiceOmit<DefaultArgs> | null | undefined; include?: ServiceInclude<...> | ... 1 more ... | undefined; where: ServiceWhereUniqueInput; }'

[96m../../app/api/upload/booking-image/route.ts[0m:[93m18[0m:[93m48[0m - [91merror[0m[90m TS2345: [0mArgument of type '"bookings"' is not assignable to parameter of type 'ImageCategory'.

[7m18[0m     const imageUrl = await uploadImage(buffer, 'bookings', fileName);
[7m  [0m [91m                                               ~~~~~~~~~~[0m

[96m../../app/api/upload/service-icon/route.ts[0m:[93m39[0m:[93m44[0m - [91merror[0m[90m TS2345: [0mArgument of type '"icon"' is not assignable to parameter of type 'ImageCategory'.

[7m39[0m       imageUrl = await uploadImage(buffer, 'icon', fileName);
[7m  [0m [91m                                           ~~~~~~[0m

[96m../../app/book/[detailerId]/checkout/page.tsx[0m:[93m5[0m:[93m40[0m - [91merror[0m[90m TS7031: [0mBinding element 'params' implicitly has an 'any' type.

[7m5[0m export default function CheckoutPage({ params }) {
[7m [0m [91m                                       ~~~~~~[0m

[96m../../app/components/GoogleMap.tsx[0m:[93m3[0m:[93m72[0m - [91merror[0m[90m TS2459: [0mModule '"@react-google-maps/api"' declares 'Library' locally, but it is not exported.

[7m3[0m import { useLoadScript, GoogleMap as GoogleMapComponent, MarkerF, type Library } from '@react-google-maps/api';
[7m [0m [91m                                                                       ~~~~~~~[0m

  [96m../../node_modules/@react-google-maps/api/dist/index.d.ts[0m:[93m3[0m:[93m10[0m
    [7m3[0m import { Library } from '@googlemaps/js-api-loader';
    [7m [0m [96m         ~~~~~~~[0m
    'Library' is declared here.

[96m../../app/components/GoogleMap.tsx[0m:[93m29[0m:[93m5[0m - [91merror[0m[90m TS2322: [0mType 'string[]' is not assignable to type 'Library[]'.
  Type 'string' is not assignable to type 'Library'.

[7m29[0m     libraries: GOOGLE_MAPS_LIBRARIES,
[7m  [0m [91m    ~~~~~~~~~[0m

  [96m../../node_modules/@react-google-maps/api/dist/index.d.ts[0m:[93m103[0m:[93m5[0m
    [7m103[0m     libraries?: Libraries | undefined;
    [7m   [0m [96m    ~~~~~~~~~[0m
    The expected type comes from property 'libraries' which is declared here on type 'UseLoadScriptOptions$1'

[96m../../app/components/MapLoaderProvider.tsx[0m:[93m3[0m:[93m31[0m - [91merror[0m[90m TS2459: [0mModule '"@react-google-maps/api"' declares 'Library' locally, but it is not exported.

[7m3[0m import { useJsApiLoader, type Library } from '@react-google-maps/api';
[7m [0m [91m                              ~~~~~~~[0m

  [96m../../node_modules/@react-google-maps/api/dist/index.d.ts[0m:[93m3[0m:[93m10[0m
    [7m3[0m import { Library } from '@googlemaps/js-api-loader';
    [7m [0m [96m         ~~~~~~~[0m
    'Library' is declared here.

[96m../../app/components/MapLoaderProvider.tsx[0m:[93m11[0m:[93m5[0m - [91merror[0m[90m TS2322: [0mType 'string[]' is not assignable to type 'Library[]'.
  Type 'string' is not assignable to type 'Library'.

[7m11[0m     libraries: GOOGLE_MAPS_LIBRARIES,
[7m  [0m [91m    ~~~~~~~~~[0m

  [96m../../node_modules/@react-google-maps/api/dist/index.d.ts[0m:[93m103[0m:[93m5[0m
    [7m103[0m     libraries?: Libraries | undefined;
    [7m   [0m [96m    ~~~~~~~~~[0m
    The expected type comes from property 'libraries' which is declared here on type 'UseLoadScriptOptions'

[96m../../app/components/Navbar.tsx[0m:[93m21[0m:[93m5[0m - [91merror[0m[90m TS2322: [0mType 'string[]' is not assignable to type 'Library[]'.
  Type 'string' is not assignable to type 'Library'.

[7m21[0m     libraries: GOOGLE_MAPS_LIBRARIES,
[7m  [0m [91m    ~~~~~~~~~[0m

  [96m../../node_modules/@react-google-maps/api/dist/index.d.ts[0m:[93m103[0m:[93m5[0m
    [7m103[0m     libraries?: Libraries | undefined;
    [7m   [0m [96m    ~~~~~~~~~[0m
    The expected type comes from property 'libraries' which is declared here on type 'UseLoadScriptOptions$1'

[96m../../app/detailer-login/forgot-password/page.tsx[0m:[93m12[0m:[93m31[0m - [91merror[0m[90m TS7006: [0mParameter 'e' implicitly has an 'any' type.

[7m12[0m   const handleSubmit = async (e) => {
[7m  [0m [91m                              ~[0m

[96m../../app/detailers/[id]/components/DetailerProfileClient.tsx[0m:[93m14[0m:[93m8[0m - [91merror[0m[90m TS2440: [0mImport declaration conflicts with local declaration of 'LocationMap'.

[7m14[0m import LocationMap from "./LocationMap";
[7m  [0m [91m       ~~~~~~~~~~~[0m

[96m../../app/detailers/[id]/components/DetailerProfileClient.tsx[0m:[93m15[0m:[93m27[0m - [91merror[0m[90m TS2307: [0mCannot find module './GoogleReviews' or its corresponding type declarations.

[7m15[0m import GoogleReviews from "./GoogleReviews";
[7m  [0m [91m                          ~~~~~~~~~~~~~~~~~[0m

[96m../../app/detailers/[id]/components/ImageModal.tsx[0m:[93m7[0m:[93m11[0m - [91merror[0m[90m TS2304: [0mCannot find name 'DetailerImage'.

[7m7[0m   images: DetailerImage[];
[7m [0m [91m          ~~~~~~~~~~~~~[0m

[96m../../app/search-results/components/MobileBottomSheet.tsx[0m:[93m120[0m:[93m14[0m - [91merror[0m[90m TS2741: [0mProperty 'filters' is missing in type '{ onFilterChange: (val: FilterOptions) => void; services: string[]; }' but required in type 'FilterBarProps'.

[7m120[0m             <FilterBar
[7m   [0m [91m             ~~~~~~~~~[0m

  [96m../../app/search-results/components/FilterBar.tsx[0m:[93m6[0m:[93m3[0m
    [7m6[0m   filters: FilterOptions;
    [7m [0m [96m  ~~~~~~~[0m
    'filters' is declared here.

[96m../../app/search-results/page.tsx[0m:[93m87[0m:[93m30[0m - [91merror[0m[90m TS2719: [0mType 'Detailer[]' is not assignable to type 'Detailer[]'. Two different types with this name exist, but they are unrelated.
  Type 'Detailer' is not assignable to type 'Detailer'. Two different types with this name exist, but they are unrelated.
    Types of property 'verified' are incompatible.
      Type 'boolean | undefined' is not assignable to type 'boolean'.
        Type 'undefined' is not assignable to type 'boolean'.

[7m87[0m         <SearchResultsClient detailers={detailers} />
[7m  [0m [91m                             ~~~~~~~~~[0m

  [96m../../app/search-results/components/SearchResults.tsx[0m:[93m38[0m:[93m3[0m
    [7m38[0m   detailers: Detailer[];
    [7m  [0m [96m  ~~~~~~~~~[0m
    The expected type comes from property 'detailers' which is declared here on type 'IntrinsicAttributes & SearchResultsProps'

[96m../../apps/web/app/api/book/route.ts[0m:[93m2[0m:[93m30[0m - [91merror[0m[90m TS2307: [0mCannot find module '@reeva/db' or its corresponding type declarations.

[7m2[0m import { PrismaClient } from '@reeva/db'
[7m [0m [91m                             ~~~~~~~~~~~[0m

[96m../../apps/web/app/api/quote/route.ts[0m:[93m9[0m:[93m20[0m - [91merror[0m[90m TS7053: [0mElement implicitly has an 'any' type because expression of type 'any' can't be used to index type '{ S: number; M: number; L: number; XL: number; }'.

[7m9[0m   const subtotal = base[vehicleSize] + (adds.reduce((s:string[],k)=>s,[]),0)
[7m [0m [91m                   ~~~~~~~~~~~~~~~~~[0m

[96m../../apps/web/app/api/quote/route.ts[0m:[93m9[0m:[93m65[0m - [91merror[0m[90m TS7006: [0mParameter 'k' implicitly has an 'any' type.

[7m9[0m   const subtotal = base[vehicleSize] + (adds.reduce((s:string[],k)=>s,[]),0)
[7m [0m [91m                                                                ~[0m

[96m../../apps/web/app/api/quote/route.ts[0m:[93m12[0m:[93m17[0m - [91merror[0m[90m TS7053: [0mElement implicitly has an 'any' type because expression of type 'any' can't be used to index type '{ S: number; M: number; L: number; XL: number; }'.

[7m12[0m   const price = base[vehicleSize] + addTotal + pkgAdj
[7m  [0m [91m                ~~~~~~~~~~~~~~~~~[0m

[96m../../apps/web/app/api/webhooks/twilio/route.ts[0m:[93m3[0m:[93m30[0m - [91merror[0m[90m TS2307: [0mCannot find module '@reeva/db' or its corresponding type declarations.

[7m3[0m import { PrismaClient } from '@reeva/db'
[7m [0m [91m                             ~~~~~~~~~~~[0m

[96m../../apps/worker/src/index.ts[0m:[93m2[0m:[93m24[0m - [91merror[0m[90m TS2307: [0mCannot find module '@reeva/core' or its corresponding type declarations.

[7m2[0m import { Worker } from '@reeva/core'
[7m [0m [91m                       ~~~~~~~~~~~~~[0m

[96m../../apps/worker/src/index.ts[0m:[93m3[0m:[93m30[0m - [91merror[0m[90m TS2307: [0mCannot find module '@reeva/db' or its corresponding type declarations.

[7m3[0m import { PrismaClient } from '@reeva/db'
[7m [0m [91m                             ~~~~~~~~~~~[0m

[96m../../apps/worker/src/index.ts[0m:[93m10[0m:[93m31[0m - [91merror[0m[90m TS7006: [0mParameter 'job' implicitly has an 'any' type.

[7m10[0m new Worker('outreach', async (job) => {
[7m  [0m [91m                              ~~~[0m

[96m../../lib/dbConnect.ts[0m:[93m9[0m:[93m21[0m - [91merror[0m[90m TS7017: [0mElement implicitly has an 'any' type because type 'typeof globalThis' has no index signature.

[7m9[0m let cached = global.mongoose;
[7m [0m [91m                    ~~~~~~~~[0m

[96m../../lib/dbConnect.ts[0m:[93m12[0m:[93m19[0m - [91merror[0m[90m TS7017: [0mElement implicitly has an 'any' type because type 'typeof globalThis' has no index signature.

[7m12[0m   cached = global.mongoose = { conn: null, promise: null };
[7m  [0m [91m                  ~~~~~~~~[0m

[96m../../lib/nodeauth.ts[0m:[93m61[0m:[93m45[0m - [91merror[0m[90m TS2345: [0mArgument of type '{ from: { name: string; address: string; }; to: string; subject: string; html: string; text: string; priority: string; }' is not assignable to parameter of type 'Options'.
  Types of property 'priority' are incompatible.
    Type 'string' is not assignable to type '"high" | "normal" | "low" | undefined'.

[7m61[0m     const info = await transporter.sendMail(mailOptions);
[7m  [0m [91m                                            ~~~~~~~~~~~[0m

[96m../../lib/nodeauth.ts[0m:[93m63[0m:[93m23[0m - [91merror[0m[90m TS2339: [0mProperty 'messageId' does not exist on type 'void & Promise<SentMessageInfo>'.

[7m63[0m       messageId: info.messageId,
[7m  [0m [91m                      ~~~~~~~~~[0m

[96m../../lib/nodeauth.ts[0m:[93m64[0m:[93m22[0m - [91merror[0m[90m TS2339: [0mProperty 'response' does not exist on type 'void & Promise<SentMessageInfo>'.

[7m64[0m       response: info.response,
[7m  [0m [91m                     ~~~~~~~~[0m

[96m../../lib/nodeauth.ts[0m:[93m65[0m:[93m22[0m - [91merror[0m[90m TS2339: [0mProperty 'accepted' does not exist on type 'void & Promise<SentMessageInfo>'.

[7m65[0m       accepted: info.accepted,
[7m  [0m [91m                     ~~~~~~~~[0m

[96m../../lib/nodeauth.ts[0m:[93m66[0m:[93m22[0m - [91merror[0m[90m TS2339: [0mProperty 'rejected' does not exist on type 'void & Promise<SentMessageInfo>'.

[7m66[0m       rejected: info.rejected
[7m  [0m [91m                     ~~~~~~~~[0m

[96m../../lib/nodeauth.ts[0m:[93m72[0m:[93m13[0m - [91merror[0m[90m TS18046: [0m'error' is of type 'unknown'.

[7m72[0m       name: error.name,
[7m  [0m [91m            ~~~~~[0m

[96m../../lib/nodeauth.ts[0m:[93m73[0m:[93m16[0m - [91merror[0m[90m TS18046: [0m'error' is of type 'unknown'.

[7m73[0m       message: error.message,
[7m  [0m [91m               ~~~~~[0m

[96m../../lib/nodeauth.ts[0m:[93m74[0m:[93m13[0m - [91merror[0m[90m TS18046: [0m'error' is of type 'unknown'.

[7m74[0m       code: error.code,
[7m  [0m [91m            ~~~~~[0m

[96m../../lib/nodeauth.ts[0m:[93m75[0m:[93m16[0m - [91merror[0m[90m TS18046: [0m'error' is of type 'unknown'.

[7m75[0m       command: error.command,
[7m  [0m [91m               ~~~~~[0m

[96m../../lib/nodeauth.ts[0m:[93m76[0m:[93m17[0m - [91merror[0m[90m TS18046: [0m'error' is of type 'unknown'.

[7m76[0m       response: error.response
[7m  [0m [91m                ~~~~~[0m

[96m../../lib/profileCompletion.ts[0m:[93m23[0m:[93m38[0m - [91merror[0m[90m TS2339: [0mProperty 'services' does not exist on type '{ password: string | null; photo: string | null; email: string; businessName: string; id: string; description: string; hidden: boolean; imageUrl: string | null; firstName: string | null; ... 20 more ...; googleCalendarAccountId: string | null; }'.

[7m23[0m     services: Array.isArray(detailer.services) && detailer.services.length > 0,
[7m  [0m [91m                                     ~~~~~~~~[0m

[96m../../lib/profileCompletion.ts[0m:[93m23[0m:[93m60[0m - [91merror[0m[90m TS2339: [0mProperty 'services' does not exist on type '{ password: string | null; photo: string | null; email: string; businessName: string; id: string; description: string; hidden: boolean; imageUrl: string | null; firstName: string | null; ... 20 more ...; googleCalendarAccountId: string | null; }'.

[7m23[0m     services: Array.isArray(detailer.services) && detailer.services.length > 0,
[7m  [0m [91m                                                           ~~~~~~~~[0m

[96m../../lib/profileCompletion.ts[0m:[93m26[0m:[93m36[0m - [91merror[0m[90m TS2339: [0mProperty 'images' does not exist on type '{ password: string | null; photo: string | null; email: string; businessName: string; id: string; description: string; hidden: boolean; imageUrl: string | null; firstName: string | null; ... 20 more ...; googleCalendarAccountId: string | null; }'.

[7m26[0m     images: Array.isArray(detailer.images) && detailer.images.length > 0,
[7m  [0m [91m                                   ~~~~~~[0m

[96m../../lib/profileCompletion.ts[0m:[93m26[0m:[93m56[0m - [91merror[0m[90m TS2339: [0mProperty 'images' does not exist on type '{ password: string | null; photo: string | null; email: string; businessName: string; id: string; description: string; hidden: boolean; imageUrl: string | null; firstName: string | null; ... 20 more ...; googleCalendarAccountId: string | null; }'.

[7m26[0m     images: Array.isArray(detailer.images) && detailer.images.length > 0,
[7m  [0m [91m                                                       ~~~~~~[0m

[96msrc/index.ts[0m:[93m2[0m:[93m15[0m - [91merror[0m[90m TS2305: [0mModule '"@prisma/client"' has no exported member 'Business'.

[7m2[0m export type { Business, Contact, Lead, Conversation, Message, Job } from '@prisma/client'
[7m [0m [91m              ~~~~~~~~[0m

[96msrc/index.ts[0m:[93m2[0m:[93m25[0m - [91merror[0m[90m TS2305: [0mModule '"@prisma/client"' has no exported member 'Contact'.

[7m2[0m export type { Business, Contact, Lead, Conversation, Message, Job } from '@prisma/client'
[7m [0m [91m                        ~~~~~~~[0m

[96msrc/index.ts[0m:[93m2[0m:[93m34[0m - [91merror[0m[90m TS2305: [0mModule '"@prisma/client"' has no exported member 'Lead'.

[7m2[0m export type { Business, Contact, Lead, Conversation, Message, Job } from '@prisma/client'
[7m [0m [91m                                 ~~~~[0m

[96msrc/index.ts[0m:[93m2[0m:[93m40[0m - [91merror[0m[90m TS2305: [0mModule '"@prisma/client"' has no exported member 'Conversation'.

[7m2[0m export type { Business, Contact, Lead, Conversation, Message, Job } from '@prisma/client'
[7m [0m [91m                                       ~~~~~~~~~~~~[0m

[96msrc/index.ts[0m:[93m2[0m:[93m54[0m - [91merror[0m[90m TS2305: [0mModule '"@prisma/client"' has no exported member 'Message'.

[7m2[0m export type { Business, Contact, Lead, Conversation, Message, Job } from '@prisma/client'
[7m [0m [91m                                                     ~~~~~~~[0m

[96msrc/index.ts[0m:[93m2[0m:[93m63[0m - [91merror[0m[90m TS2305: [0mModule '"@prisma/client"' has no exported member 'Job'.

[7m2[0m export type { Business, Contact, Lead, Conversation, Message, Job } from '@prisma/client'
[7m [0m [91m                                                              ~~~[0m

[96m../../scripts/create-detailer-records.ts[0m:[93m6[0m:[93m7[0m - [91merror[0m[90m TS2353: [0mObject literal may only specify known properties, and 'role' does not exist in type 'UserWhereInput'.

[7m6[0m       role: 'DETAILER'
[7m [0m [91m      ~~~~[0m

[96m../../scripts/create-detailer-records.ts[0m:[93m12[0m:[93m16[0m - [91merror[0m[90m TS2322: [0mType 'string | null' is not assignable to type 'string | undefined'.
  Type 'null' is not assignable to type 'string | undefined'.

[7m12[0m       where: { email: user.email }
[7m  [0m [91m               ~~~~~[0m

  [96m../../node_modules/.prisma/client/index.d.ts[0m:[93m23849[0m:[93m5[0m
    [7m23849[0m     email?: string
    [7m     [0m [96m    ~~~~~[0m
    The expected type comes from property 'email' which is declared here on type 'DetailerWhereUniqueInput'

[96m../../scripts/create-detailer-records.ts[0m:[93m18[0m:[93m11[0m - [91merror[0m[90m TS2322: [0mType 'string | null' is not assignable to type 'string'.
  Type 'null' is not assignable to type 'string'.

[7m18[0m           email: user.email,
[7m  [0m [91m          ~~~~~[0m

  [96m../../node_modules/.prisma/client/index.d.ts[0m:[93m25166[0m:[93m5[0m
    [7m25166[0m     email: string
    [7m     [0m [96m    ~~~~~[0m
    The expected type comes from property 'email' which is declared here on type '(Without<DetailerCreateInput, DetailerUncheckedCreateInput> & DetailerUncheckedCreateInput) | (Without<...> & DetailerCreateInput)'

[96m../../scripts/create-detailer-records.ts[0m:[93m19[0m:[93m30[0m - [91merror[0m[90m TS2339: [0mProperty 'businessName' does not exist on type '{ email: string | null; id: string; name: string | null; image: string | null; emailVerified: Date | null; }'.

[7m19[0m           businessName: user.businessName || '',
[7m  [0m [91m                             ~~~~~~~~~~~~[0m

[96m../../scripts/create-detailer-records.ts[0m:[93m20[0m:[93m27[0m - [91merror[0m[90m TS2339: [0mProperty 'firstName' does not exist on type '{ email: string | null; id: string; name: string | null; image: string | null; emailVerified: Date | null; }'.

[7m20[0m           firstName: user.firstName || '',
[7m  [0m [91m                          ~~~~~~~~~[0m

[96m../../scripts/create-detailer-records.ts[0m:[93m21[0m:[93m26[0m - [91merror[0m[90m TS2339: [0mProperty 'lastName' does not exist on type '{ email: string | null; id: string; name: string | null; image: string | null; emailVerified: Date | null; }'.

[7m21[0m           lastName: user.lastName || '',
[7m  [0m [91m                         ~~~~~~~~[0m

[96m../../scripts/create-detailer-records.ts[0m:[93m22[0m:[93m23[0m - [91merror[0m[90m TS2339: [0mProperty 'phoneNumber' does not exist on type '{ email: string | null; id: string; name: string | null; image: string | null; emailVerified: Date | null; }'.

[7m22[0m           phone: user.phoneNumber || '',
[7m  [0m [91m                      ~~~~~~~~~~~[0m


Found 59 errors in 27 files.

Errors  Files
     1  ../../.next/types/app/api/auth/[...nextauth]/route.ts[90m:12[0m
     1  ../../.next/types/app/detailers/[id]/page.ts[90m:34[0m
     1  ../../app/admin/add-detailer/page.tsx[90m:111[0m
     1  ../../app/api/categories/route.ts[90m:19[0m
     1  ../../app/api/create-checkout-session/route.ts[90m:4[0m
     2  ../../app/api/detailers/route.ts[90m:130[0m
     1  ../../app/api/services/route.ts[90m:31[0m
     1  ../../app/api/upload/booking-image/route.ts[90m:18[0m
     1  ../../app/api/upload/service-icon/route.ts[90m:39[0m
     1  ../../app/book/[detailerId]/checkout/page.tsx[90m:5[0m
     2  ../../app/components/GoogleMap.tsx[90m:3[0m
     2  ../../app/components/MapLoaderProvider.tsx[90m:3[0m
     1  ../../app/components/Navbar.tsx[90m:21[0m
     1  ../../app/detailer-login/forgot-password/page.tsx[90m:12[0m
     2  ../../app/detailers/[id]/components/DetailerProfileClient.tsx[90m:14[0m
     1  ../../app/detailers/[id]/components/ImageModal.tsx[90m:7[0m
     1  ../../app/search-results/components/MobileBottomSheet.tsx[90m:120[0m
     1  ../../app/search-results/page.tsx[90m:87[0m
     1  ../../apps/web/app/api/book/route.ts[90m:2[0m
     3  ../../apps/web/app/api/quote/route.ts[90m:9[0m
     1  ../../apps/web/app/api/webhooks/twilio/route.ts[90m:3[0m
     3  ../../apps/worker/src/index.ts[90m:2[0m
     2  ../../lib/dbConnect.ts[90m:9[0m
    10  ../../lib/nodeauth.ts[90m:61[0m
     4  ../../lib/profileCompletion.ts[90m:23[0m
     6  src/index.ts[90m:2[0m
     7  ../../scripts/create-detailer-records.ts[90m:6[0m
[41m[30mâ€‰ELIFECYCLEâ€‰[39m[49m [31mCommand failed with exit code 2.[39m
